background
236812 | 2009_001108
216512 | 2008_001547
212729 | 2007_001733
210576 | 2011_001910
209110 | 2009_001314
202189 | 2009_002594
197774 | 2010_003275
196597 | 2009_000087
194074 | 2008_000182
191613 | 2010_001017
190316 | 2010_000836
188539 | 2007_007477
187480 | 2010_002538
187088 | 2008_002492
186183 | 2010_003915
184893 | 2008_002429
184699 | 2011_002863
182422 | 2008_008682
181257 | 2009_002591
180548 | 2009_002445
179258 | 2008_006036
179063 | 2010_002701
178814 | 2010_005922
178752 | 2009_005089
178546 | 2010_005531
177973 | 2008_005262
177879 | 2008_000009
177865 | 2007_003714
177836 | 2010_003231
177806 | 2011_000912
177414 | 2008_007836
176834 | 2011_001782
176707 | 2011_001161
176633 | 2009_000989
176064 | 2009_004070
175282 | 2008_000853
175155 | 2009_000619
174844 | 2011_000436
174783 | 2010_000918
174771 | 2007_009458
174592 | 2010_001069
174210 | 2007_006549
174203 | 2011_001020
173785 | 2009_002771
173373 | 2007_004969
173166 | 2009_003378
173029 | 2007_000862
172925 | 2007_009911
172571 | 2008_001514
172144 | 2007_005058
172074 | 2011_002244
172047 | 2011_000291
172001 | 2008_007497
171891 | 2010_004795
171274 | 2007_003611
170799 | 2009_002035
170639 | 2008_000501
170577 | 2010_004628
170557 | 2007_001587
170355 | 2009_004247
170177 | 2010_001070
169593 | 2009_000964
168418 | 2011_001529
167821 | 2009_002171
167439 | 2007_000464
167212 | 2007_003872
167160 | 2008_001070
167054 | 2010_004063
166946 | 2010_000502
166681 | 2007_008339
166427 | 2007_005915
166275 | 2007_009323
166176 | 2010_000065
166003 | 2009_005260
165962 | 2009_000935
165360 | 2010_005888
165220 | 2007_001377
164785 | 2010_000961
164693 | 2009_000351
164628 | 2010_001820
164562 | 2010_005421
164417 | 2008_007123
164074 | 2007_002412
163381 | 2009_002635
163246 | 2011_001313
162969 | 2010_003183
162770 | 2008_005676
162643 | 2011_000419
162328 | 2010_005877
162164 | 2010_003418
162095 | 2008_004687
161929 | 2008_006784
161857 | 2011_001014
161857 | 2009_004540
161419 | 2010_001313
161378 | 2009_003928
161072 | 2011_001546
160924 | 2011_000310
160003 | 2011_001350
159988 | 2009_003450
159923 | 2009_000318
159788 | 2007_006761
159354 | 2007_007165
159325 | 2008_006143
159026 | 2010_000929
158994 | 2011_002951
158988 | 2009_003640
158579 | 2009_001300
158575 | 2011_003145
158511 | 2009_003063
158444 | 2007_008722
158408 | 2011_001624
158377 | 2010_001061
158293 | 2009_003196
158284 | 2008_000765
157748 | 2009_004084
157704 | 2010_002310
157667 | 2007_008980
157618 | 2008_000073
157608 | 2011_002730
157551 | 2010_001036
157468 | 2010_000622
157126 | 2008_007031
157041 | 2009_004033
157034 | 2008_008296
156999 | 2011_003085
156780 | 2009_005087
156739 | 2008_007048
156267 | 2009_002604
156218 | 2008_000080
155975 | 2010_002450
155965 | 2008_001682
155683 | 2008_001028
155512 | 2010_000309
155444 | 2009_004730
155115 | 2011_002295
154936 | 2008_001150
154827 | 2009_004509
154619 | 2010_005353
154420 | 2011_000807
154083 | 2008_006528
153735 | 2011_001708
153674 | 2010_005245
153659 | 2010_003207
153638 | 2008_005398
153388 | 2007_003110
153172 | 2007_007084
153164 | 2008_007548
152763 | 2011_000396
152553 | 2009_005262
152545 | 2009_004653
152450 | 2011_001082
152277 | 2009_003569
151740 | 2010_001563
151441 | 2008_008392
151309 | 2007_007211
151276 | 2008_001640
151250 | 2009_002320
151100 | 2008_004212
151100 | 2009_000037
151044 | 2009_000641
150731 | 2010_005496
150719 | 2009_000080
150671 | 2008_007392
150543 | 2010_004635
150487 | 2009_004801
150468 | 2010_003771
150344 | 2008_002835
150240 | 2011_000669
150224 | 2009_000446
150210 | 2009_000136
150209 | 2011_000481
150151 | 2009_000705
150104 | 2007_005857
149947 | 2007_002387
149940 | 2009_002936
149740 | 2010_000038
149641 | 2009_002082
149444 | 2009_002651
149411 | 2009_002165
149155 | 2010_001104
148930 | 2011_002150
148879 | 2007_006373
148813 | 2011_000045
148787 | 2009_000022
148634 | 2009_005137
148575 | 2007_006837
148569 | 2009_002042
148473 | 2007_008645
148385 | 2008_004363
148380 | 2008_004910
148365 | 2009_000039
148344 | 2008_001379
148339 | 2010_006054
148316 | 2007_003131
148181 | 2011_002997
148046 | 2009_000675
148021 | 2010_001151
147989 | 2009_005158
147811 | 2007_009521
147779 | 2010_004208
147611 | 2011_002548
147292 | 2007_001154
147247 | 2008_007273
146845 | 2008_002681
146605 | 2008_007596
146539 | 2008_006219
146366 | 2007_009938
146213 | 2007_008084
146105 | 2011_001047
145983 | 2011_000112
145760 | 2008_004399
145740 | 2011_000456
145679 | 2009_000879
145611 | 2009_001683
145434 | 2010_001011
145192 | 2010_003956
145173 | 2011_002535
145169 | 2007_009923
145161 | 2010_002200
145070 | 2010_002142
144988 | 2010_003409
144826 | 2011_000536
144669 | 2009_000840
144621 | 2011_000338
144551 | 2008_002623
144488 | 2010_000083
144221 | 2008_004624
144080 | 2009_005190
144063 | 2008_002239
143891 | 2008_000533
143822 | 2011_002223
143774 | 2008_007513
143605 | 2010_005727
143364 | 2007_008415
143333 | 2008_000123
143189 | 2008_000848
143165 | 2008_002904
142994 | 2009_005078
142945 | 2008_000271
142715 | 2010_001448
142348 | 2010_000788
142125 | 2008_000700
142103 | 2007_000783
141994 | 2009_004592
141956 | 2010_004337
141744 | 2009_000156
141537 | 2011_003205
141515 | 2010_001913
141463 | 2007_006444
141269 | 2007_009817
141201 | 2008_007814
141158 | 2008_000239
140745 | 2007_008051
140727 | 2009_001765
140484 | 2010_006026
140418 | 2008_008746
140401 | 2009_002753
140383 | 2007_004189
140351 | 2011_002662
140315 | 2008_001513
140304 | 2010_005705
140240 | 2007_009346
140208 | 2010_000628
139893 | 2010_001522
139724 | 2008_005525
139677 | 2007_003571
139460 | 2009_001851
139429 | 2009_001731
139414 | 2010_005534
139366 | 2007_005759
139274 | 2008_001231
139135 | 2011_002371
139125 | 2007_005358
139096 | 2011_001748
139087 | 2009_000931
138726 | 2008_000911
138603 | 2008_001478
138534 | 2007_002132
138462 | 2009_000892
138289 | 2009_003065
138253 | 2007_001585
138250 | 2010_001256
138179 | 2010_003547
138093 | 2007_008973
138050 | 2010_001908
138041 | 2009_000628
137912 | 2008_002588
137797 | 2010_001966
137620 | 2009_000998
137568 | 2010_000335
137560 | 2010_004857
137539 | 2009_003498
137497 | 2010_004042
137480 | 2007_008596
137269 | 2010_003168
137185 | 2008_007120
137173 | 2007_008708
137154 | 2009_005189
136985 | 2007_007341
136813 | 2007_000830
136754 | 2009_004581
136548 | 2011_002040
136540 | 2009_000924
136500 | 2009_002573
136491 | 2011_001669
136459 | 2007_004190
136372 | 2007_005803
136218 | 2011_001489
135981 | 2009_002097
135804 | 2009_004942
135656 | 2008_006325
135497 | 2009_003105
135463 | 2008_004621
135329 | 2007_002094
135107 | 2007_009897
134939 | 2010_003716
134934 | 2010_002232
134885 | 2011_002002
134858 | 2009_001433
134753 | 2008_002778
134645 | 2009_002390
134530 | 2008_003451
134495 | 2009_004886
134387 | 2007_003991
134211 | 2008_005642
134145 | 2008_007498
134037 | 2009_003804
133964 | 2011_002993
133922 | 2008_006835
133888 | 2010_004056
133789 | 2010_003772
133742 | 2009_001278
133556 | 2010_004789
133261 | 2007_003051
133053 | 2010_000241
133003 | 2008_001170
132940 | 2007_004644
132927 | 2010_004314
132884 | 2008_001971
132871 | 2009_004494
132758 | 2011_001114
132734 | 2007_005107
132670 | 2007_009331
132502 | 2011_000238
132396 | 2009_005156
132340 | 2010_004120
132256 | 2009_005231
132236 | 2007_007470
132235 | 2008_006703
132133 | 2009_005219
132062 | 2009_000991
132039 | 2008_000464
131952 | 2009_004504
131851 | 2009_003217
131737 | 2009_001363
131723 | 2009_001850
131641 | 2009_002155
131333 | 2010_001768
131212 | 2007_001299
131157 | 2011_001159
130957 | 2008_001580
130856 | 2007_008256
130845 | 2009_001411
130741 | 2008_006159
130680 | 2008_003876
130604 | 2008_008103
130450 | 2010_003758
130424 | 2008_003782
130207 | 2008_001688
130189 | 2011_002885
130166 | 2009_003005
129821 | 2010_006034
129737 | 2010_005706
129590 | 2010_001331
129527 | 2011_001984
129350 | 2007_000676
129319 | 2009_004125
129098 | 2011_001281
129070 | 2009_002549
129063 | 2009_003858
128996 | 2007_001289
128962 | 2007_002648
128927 | 2008_003155
128776 | 2011_002041
128480 | 2010_005180
128431 | 2007_004052
128295 | 2009_000421
128216 | 2011_001421
128036 | 2010_003127
127986 | 2007_000661
127960 | 2009_000664
127959 | 2010_003506
127936 | 2008_005105
127933 | 2010_002146
127917 | 2008_002504
127902 | 2009_002122
127845 | 2009_001718
127804 | 2008_006553
127751 | 2009_000455
127721 | 2010_003912
127707 | 2008_001040
127679 | 2008_004995
127437 | 2008_000107
127290 | 2008_002936
127281 | 2010_004419
127252 | 2009_003666
127214 | 2008_002521
127092 | 2010_001734
127045 | 2009_000828
126986 | 2010_005433
126875 | 2011_001190
126719 | 2011_001346
126649 | 2007_001586
126615 | 2009_003576
126600 | 2009_002618
126535 | 2010_001557
126378 | 2009_003938
126366 | 2008_008268
126242 | 2009_000201
126233 | 2009_001684
126188 | 2009_000013
126158 | 2008_003886
126090 | 2011_001287
126031 | 2008_001874
126000 | 2009_003971
125986 | 2010_003446
125796 | 2008_001135
125795 | 2009_004987
125784 | 2007_006553
125758 | 2008_000657
125735 | 2007_001955
125394 | 2010_005252
125105 | 2008_001433
125070 | 2010_002988
125023 | 2010_003514
124850 | 2008_000725
124788 | 2011_002298
124781 | 2010_004550
124740 | 2007_002643
124684 | 2008_004552
124519 | 2009_004738
124468 | 2009_004221
124468 | 2009_003043
124457 | 2007_003195
124443 | 2007_007748
124376 | 2010_000084
124308 | 2009_002539
124288 | 2008_007677
124279 | 2008_005049
124181 | 2008_000345
124128 | 2009_002164
123982 | 2007_008815
123907 | 2008_006752
123897 | 2008_003135
123858 | 2009_000730
123636 | 2009_001332
123465 | 2009_001008
123433 | 2009_003806
123418 | 2008_002152
123395 | 2009_002888
123358 | 2010_000907
123259 | 2009_001536
123052 | 2010_002150
122748 | 2008_000254
122705 | 2007_005600
122695 | 2007_004143
122688 | 2011_002124
122652 | 2007_006076
122626 | 2009_003517
122573 | 2009_003323
122306 | 2009_004324
122243 | 2009_000205
122232 | 2009_001565
122108 | 2009_002265
122086 | 2009_002856
121834 | 2007_001239
121792 | 2008_005422
121731 | 2008_001821
121730 | 2007_008374
121633 | 2007_002619
121539 | 2010_004165
121506 | 2007_009756
121481 | 2009_003903
121363 | 2008_004172
121284 | 2010_003495
121275 | 2007_003349
121272 | 2008_002536
121166 | 2010_002422
121140 | 2007_000727
121049 | 2009_004969
120913 | 2009_002012
120843 | 2007_001594
120840 | 2009_004217
120772 | 2007_008670
120552 | 2007_004722
120463 | 2008_001629
120248 | 2008_003576
120208 | 2008_000474
120180 | 2011_001613
120114 | 2007_003682
120002 | 2010_000530
119953 | 2008_005637
119893 | 2008_008127
119849 | 2008_001249
119793 | 2010_005063
119535 | 2008_000510
119432 | 2008_007143
119295 | 2009_002982
119264 | 2008_005633
119191 | 2009_000845
119111 | 2008_000863
119035 | 2007_004281
119032 | 2011_001407
119022 | 2009_001505
118980 | 2007_000572
118957 | 2008_001078
118907 | 2007_003621
118847 | 2007_003088
118686 | 2010_001079
118324 | 2007_008222
118118 | 2011_003019
118052 | 2011_001263
118015 | 2008_002241
117916 | 2007_000332
117717 | 2008_004339
117630 | 2010_005762
117573 | 2007_000925
117380 | 2010_004355
117152 | 2009_004848
117099 | 2008_006986
117039 | 2007_002823
117010 | 2010_000572
116896 | 2009_000387
116885 | 2009_000716
116805 | 2010_002396
116774 | 2008_001504
116702 | 2011_000658
116633 | 2007_009841
116592 | 2008_000661
116579 | 2007_002470
116571 | 2010_001174
116335 | 2011_000503
116279 | 2008_001076
116253 | 2010_001016
116236 | 2007_001458
116199 | 2008_000943
116164 | 2009_002295
116010 | 2010_005575
115978 | 2010_001010
115973 | 2007_002266
115921 | 2011_000173
115898 | 2008_003709
115872 | 2007_009706
115697 | 2008_005738
115594 | 2007_002719
115520 | 2010_002251
115230 | 2008_003110
115208 | 2008_004654
114928 | 2010_003708
114699 | 2009_003433
114688 | 2010_004559
114679 | 2008_000223
114671 | 2007_009245
114549 | 2011_001064
114532 | 2009_003771
114491 | 2009_002366
114290 | 2010_001149
114180 | 2010_004556
114160 | 2009_004993
114043 | 2010_005118
113990 | 2007_004649
113982 | 2010_003473
113911 | 2007_005608
113909 | 2007_006277
113799 | 2007_003957
113653 | 2008_001531
113591 | 2008_004612
113137 | 2011_003003
113123 | 2008_002467
113109 | 2011_001794
112892 | 2009_001804
112891 | 2011_000969
112845 | 2008_003976
112794 | 2007_008747
112765 | 2010_004815
112761 | 2009_002202
112687 | 2008_001260
112672 | 2007_000529
112651 | 2009_003481
112637 | 2007_003861
112628 | 2007_005281
112517 | 2009_000712
112345 | 2008_003379
112296 | 2007_007235
112197 | 2009_002239
111906 | 2007_009221
111829 | 2010_004662
111818 | 2010_004980
111559 | 2008_001715
111444 | 2010_004783
111431 | 2008_007025
111293 | 2010_005428
111283 | 2008_004659
111261 | 2011_000585
111217 | 2007_001423
111212 | 2007_001457
111082 | 2009_004895
111008 | 2009_000488
110811 | 2009_003696
110632 | 2008_001404
110592 | 2011_002623
110481 | 2009_001644
110201 | 2007_003194
109973 | 2007_003711
109966 | 2010_001995
109880 | 2007_008106
109838 | 2008_003885
109838 | 2011_002754
109766 | 2007_005705
109598 | 2010_004519
109512 | 2007_006678
109487 | 2008_003105
109344 | 2009_004568
109108 | 2010_004529
109014 | 2008_005628
108935 | 2009_002317
108878 | 2011_000239
108415 | 2007_002624
108297 | 2008_001546
108118 | 2009_001607
108109 | 2009_000723
108041 | 2011_002675
108028 | 2007_007168
107987 | 2009_004635
107755 | 2009_000919
107691 | 2008_001491
107615 | 2007_002260
107547 | 2007_000559
107493 | 2007_002046
107488 | 2009_002975
107342 | 2009_002535
107303 | 2010_000906
107154 | 2011_002379
106950 | 2010_004994
106798 | 2007_000799
106751 | 2007_005978
106649 | 2010_004543
106514 | 2008_006229
106411 | 2010_002147
106365 | 2009_003707
106288 | 2009_000573
106288 | 2010_000738
106276 | 2010_003820
106204 | 2009_002150
106135 | 2011_001534
106126 | 2009_004255
106013 | 2009_003857
105999 | 2011_002156
105995 | 2007_005114
105933 | 2007_000837
105898 | 2008_007527
105692 | 2007_000061
105615 | 2008_003369
105583 | 2011_002929
105582 | 2007_004538
105481 | 2010_003813
105431 | 2009_000032
105285 | 2009_002268
105186 | 2009_000727
105090 | 2010_004861
105008 | 2011_000874
105001 | 2011_002879
104899 | 2009_003311
104831 | 2009_004799
104822 | 2007_003786
104820 | 2008_005254
104782 | 2010_000284
104708 | 2010_003060
104658 | 2011_001793
104611 | 2010_000666
104597 | 2010_004226
104489 | 2008_002859
104448 | 2010_002682
104434 | 2010_004041
104404 | 2007_000033
104344 | 2010_001246
104296 | 2010_001206
104204 | 2007_002597
104193 | 2007_003530
104182 | 2009_003904
104075 | 2011_001642
104031 | 2009_003224
104029 | 2010_005366
103896 | 2008_003926
103698 | 2008_003499
103498 | 2011_001726
103490 | 2009_004732
103418 | 2008_006055
103403 | 2010_000427
103383 | 2007_005828
103382 | 2009_003810
103319 | 2007_003917
103184 | 2007_004483
103085 | 2010_005788
102908 | 2007_009251
102770 | 2009_001768
102552 | 2007_000636
102529 | 2008_000630
102512 | 2011_002098
102419 | 2008_003846
102310 | 2011_001589
102174 | 2009_001240
102108 | 2010_005664
101991 | 2007_003022
101801 | 2008_004477
101770 | 2008_005691
101710 | 2007_001774
101572 | 2007_002376
101556 | 2007_009446
101513 | 2010_003362
101495 | 2008_003858
101423 | 2010_003768
101283 | 2008_000233
101260 | 2009_001160
101205 | 2009_003849
101030 | 2008_000075
100957 | 2011_002515
100923 | 2009_001391
100822 | 2009_000440
100772 | 2007_006946
100662 | 2010_004946
100456 | 2009_004043
100411 | 2010_005718
100196 | 2008_004396
100034 | 2007_005509
100011 | 2007_007524
99930 | 2007_007815
99838 | 2007_007130
99715 | 2009_002527
99649 | 2009_003193
99432 | 2011_000521
99388 | 2007_004121
99375 | 2007_008110
99315 | 2009_003991
99252 | 2008_005089
99235 | 2007_007195
99202 | 2008_004754
99171 | 2007_001288
99108 | 2010_005206
99013 | 2009_002990
99005 | 2011_000312
98640 | 2010_004941
98628 | 2011_000618
98576 | 2009_003504
98407 | 2010_000003
98125 | 2009_004298
98118 | 2011_002509
97815 | 2008_000992
97766 | 2010_003947
97621 | 2010_005160
97616 | 2008_002383
97413 | 2007_003587
97286 | 2008_004345
97249 | 2009_000012
97096 | 2010_005501
97040 | 2008_006008
96950 | 2011_001674
96799 | 2007_004866
96725 | 2007_005354
96715 | 2010_001656
96482 | 2007_001761
96306 | 2010_003781
96270 | 2008_002929
96233 | 2008_002358
96082 | 2007_001677
95938 | 2011_001614
95768 | 2007_003506
95615 | 2010_000163
95476 | 2008_004610
95471 | 2010_002921
95445 | 2007_006866
95439 | 2011_002308
95358 | 2008_003492
95217 | 2007_006035
95138 | 2008_002212
94810 | 2010_003541
94726 | 2009_000242
94536 | 2008_000602
94419 | 2009_002584
94417 | 2010_005992
94282 | 2008_001074
94223 | 2009_005220
94068 | 2008_003511
93902 | 2011_001292
93723 | 2008_006216
93695 | 2008_002900
93548 | 2011_000809
93454 | 2008_008252
93421 | 2009_001816
93187 | 2009_000074
93183 | 2008_008301
93176 | 2008_006341
93127 | 2007_004193
93084 | 2008_000589
93067 | 2008_005197
92838 | 2009_002521
92771 | 2009_003299
92730 | 2008_005439
92711 | 2011_000888
92560 | 2010_002693
92541 | 2009_004882
92456 | 2009_004455
92301 | 2007_000346
91957 | 2007_000452
91897 | 2007_009068
91807 | 2009_001333
91710 | 2007_008543
91634 | 2009_001535
91571 | 2011_000607
91563 | 2009_003273
91449 | 2007_003499
91357 | 2007_009392
91298 | 2008_003003
91162 | 2008_004705
91042 | 2010_004104
90978 | 2007_002852
90868 | 2011_000598
90830 | 2007_000123
90822 | 2007_004275
90798 | 2007_004241
90592 | 2010_003764
90404 | 2011_001880
90332 | 2010_002025
90295 | 2010_000318
90287 | 2009_003703
90220 | 2011_000747
90214 | 2007_002119
90148 | 2008_005727
89966 | 2008_007797
89899 | 2011_001862
89712 | 2011_002532
89654 | 2009_002638
89574 | 2009_002094
89514 | 2009_000418
89333 | 2009_003494
89307 | 2010_001752
89301 | 2007_005844
89068 | 2010_000679
88725 | 2008_000469
88653 | 2007_009684
88651 | 2009_003466
88616 | 2008_006554
88500 | 2008_003076
88281 | 2007_000175
88268 | 2008_002495
88235 | 2007_006680
88234 | 2007_001568
88220 | 2007_009562
88115 | 2010_003132
88112 | 2007_003137
88067 | 2009_001941
87997 | 2009_000309
87945 | 2009_004867
87925 | 2007_005074
87911 | 2010_001773
87808 | 2007_002284
87733 | 2010_000272
87522 | 2007_008204
87155 | 2007_007836
86883 | 2007_003106
86828 | 2008_002043
86786 | 2009_000096
86742 | 2008_003676
86558 | 2007_007203
86406 | 2008_001885
86390 | 2010_001951
86347 | 2007_006260
86205 | 2007_006841
86194 | 2009_003080
86175 | 2010_005174
86059 | 2008_007350
86022 | 2008_005544
85912 | 2008_003856
85911 | 2010_000422
85843 | 2007_005428
85818 | 2008_005445
85765 | 2010_000342
85669 | 2007_006046
85511 | 2007_005696
85479 | 2009_004748
85474 | 2009_003589
85433 | 2008_002269
85421 | 2007_007414
85354 | 2007_005460
85327 | 2011_000234
85307 | 2009_002808
85198 | 2008_004562
84959 | 2011_002975
84958 | 2010_003531
84941 | 2009_001687
84931 | 2007_008430
84835 | 2010_004697
84800 | 2010_003532
84783 | 2007_001884
84643 | 2007_003367
84542 | 2009_001991
84447 | 2007_007624
84166 | 2010_005582
84151 | 2008_000401
83493 | 2008_000016
83468 | 2010_002271
83296 | 2010_000952
83295 | 2007_009691
83038 | 2010_004382
82932 | 2008_000215
82917 | 2010_002017
82897 | 2009_002291
82833 | 2007_007196
82412 | 2010_005344
82399 | 2009_004590
82239 | 2007_005813
82010 | 2007_009320
81599 | 2009_005217
81396 | 2008_004069
81362 | 2011_000638
81243 | 2009_000469
81202 | 2011_001607
81126 | 2009_002568
80865 | 2011_002322
80693 | 2007_000847
80633 | 2008_003026
80585 | 2008_006108
80573 | 2010_003239
80528 | 2007_004558
80402 | 2010_005860
80388 | 2008_007194
80270 | 2011_001434
80225 | 2007_009419
80194 | 2010_003187
80135 | 2011_003146
80050 | 2011_002644
80014 | 2010_000573
79968 | 2009_000335
79932 | 2007_002565
79844 | 2009_004994
79770 | 2009_000412
79500 | 2007_004510
79411 | 2008_002205
79054 | 2008_004101
79017 | 2007_004856
78995 | 2008_007378
78968 | 2009_000426
78965 | 2007_001175
78946 | 2009_003406
78881 | 2007_006028
78846 | 2009_004507
78756 | 2008_007811
78737 | 2009_004594
78711 | 2008_008629
78688 | 2011_001812
78397 | 2011_001597
78370 | 2011_002064
78331 | 2011_000051
78228 | 2011_001713
78202 | 2007_009015
78074 | 2009_004021
78010 | 2007_001430
77960 | 2008_007737
77535 | 2009_000523
77464 | 2010_000941
77406 | 2008_000811
77404 | 2007_002618
77143 | 2008_007507
77139 | 2011_000548
77038 | 2011_001530
77006 | 2011_001868
76965 | 2011_000512
76843 | 2010_000174
76840 | 2007_003503
76818 | 2008_005338
76358 | 2010_001292
76312 | 2010_001577
76241 | 2010_000724
76166 | 2007_001630
76117 | 2009_004687
75849 | 2007_005149
75749 | 2008_005812
75704 | 2008_000120
75549 | 2009_003123
75501 | 2008_003333
75361 | 2010_002336
75306 | 2010_005401
75193 | 2009_003507
75181 | 2009_001663
75163 | 2007_005547
75102 | 2008_006526
74910 | 2010_003276
74867 | 2008_006254
74588 | 2011_002592
74569 | 2010_005644
74557 | 2007_006348
74451 | 2009_003304
74300 | 2008_007804
74283 | 2010_005432
74260 | 2007_000999
74253 | 2008_000149
74245 | 2010_001124
74054 | 2010_003293
73961 | 2011_001005
73942 | 2007_009764
73700 | 2010_001830
73659 | 2010_001851
73652 | 2010_001956
73643 | 2008_000782
73424 | 2011_002713
73294 | 2007_005296
73162 | 2007_006364
72942 | 2011_000226
72788 | 2008_004704
72595 | 2010_001251
72429 | 2011_001341
72399 | 2007_003188
72340 | 2010_002691
72050 | 2011_003011
71974 | 2009_005302
71960 | 2010_001534
71876 | 2007_004392
71551 | 2010_005305
71543 | 2008_000391
71128 | 2007_009088
70812 | 2008_002464
70728 | 2009_001775
70695 | 2009_003756
70494 | 2008_007945
70415 | 2011_000482
70207 | 2010_003365
70070 | 2009_000121
69931 | 2009_002382
69930 | 2007_005331
69598 | 2008_005904
69505 | 2007_000804
69438 | 2008_007402
69318 | 2010_003402
69306 | 2009_003542
69239 | 2011_002317
69145 | 2011_003055
69109 | 2009_000149
69018 | 2009_002749
68948 | 2009_002487
68515 | 2008_007828
68199 | 2009_002571
68049 | 2010_000238
67964 | 2008_004279
67915 | 2008_001966
67777 | 2011_001988
67564 | 2010_003468
67536 | 2010_001351
67533 | 2011_003114
67515 | 2011_000455
67513 | 2010_002161
67203 | 2009_000732
67115 | 2008_004854
67006 | 2008_003141
66805 | 2011_000813
66741 | 2007_000187
66735 | 2007_009084
66563 | 2007_004380
66556 | 2007_003143
66534 | 2007_007818
66479 | 2010_002546
66477 | 2011_000054
66453 | 2007_005845
66445 | 2008_004758
66373 | 2011_001232
66352 | 2010_000639
66218 | 2011_001619
66163 | 2007_005294
66116 | 2010_001692
65981 | 2007_009750
65927 | 2008_005680
65614 | 2009_003269
65487 | 2010_002763
65440 | 2009_000391
65429 | 2010_004520
65402 | 2009_001299
65370 | 2010_005719
65259 | 2007_001717
64994 | 2009_002562
64772 | 2007_006171
64523 | 2008_004367
64510 | 2009_003343
64453 | 2008_003821
64288 | 2007_000629
64211 | 2007_007881
63139 | 2007_001678
63013 | 2011_000438
63011 | 2007_005469
62911 | 2010_000256
62678 | 2008_002680
62619 | 2009_000825
62596 | 2009_000457
62568 | 2008_006130
62509 | 2007_007849
62484 | 2007_008897
62359 | 2008_008421
62304 | 2010_002536
62290 | 2008_006480
62101 | 2007_006241
61769 | 2010_003971
61661 | 2010_002902
61651 | 2008_003238
61536 | 2008_005242
61476 | 2007_009654
61377 | 2009_004140
61359 | 2011_001567
61278 | 2007_007534
61196 | 2008_002273
60999 | 2010_003302
60963 | 2010_004320
60932 | 2009_000704
60465 | 2008_004175
60358 | 2010_005284
60136 | 2010_001699
60115 | 2008_001308
60026 | 2011_001745
59821 | 2009_002928
59196 | 2009_001854
59079 | 2009_002727
58915 | 2008_008221
58797 | 2008_003210
58599 | 2008_005217
58368 | 2010_005626
58267 | 2007_001311
58258 | 2007_009252
58254 | 2009_003387
58193 | 2007_003169
58187 | 2008_005245
58124 | 2009_003241
58033 | 2011_002279
58027 | 2011_001863
57932 | 2008_006275
57647 | 2008_003461
57576 | 2010_000087
57512 | 2008_000234
57465 | 2011_000843
57121 | 2011_002110
57060 | 2011_000248
56844 | 2007_009794
56800 | 2010_002792
56785 | 2007_002378
56735 | 2008_000919
56624 | 2011_001110
56526 | 2009_000219
56228 | 2011_000566
55517 | 2010_002939
55409 | 2010_003854
55121 | 2011_002075
55002 | 2008_000662
54801 | 2010_002868
54740 | 2010_002030
54586 | 2009_004248
54441 | 2008_000666
54357 | 2011_003103
54078 | 2010_002361
53767 | 2007_006698
53487 | 2010_000559
53416 | 2010_000814
53361 | 2011_003240
53348 | 2007_004902
53209 | 2007_003134
53144 | 2010_001767
53070 | 2010_000372
53027 | 2011_002575
52678 | 2008_004453
52487 | 2008_003546
52197 | 2007_004405
52057 | 2007_005626
51816 | 2008_000213
51377 | 2009_002372
50848 | 2008_001013
50726 | 2010_005871
50475 | 2011_001060
50203 | 2008_003733
50091 | 2011_000283
49758 | 2008_006063
49503 | 2007_007795
49482 | 2010_000682
49236 | 2007_001408
48902 | 2008_006874
48354 | 2008_006327
48240 | 2008_003034
48237 | 2007_009592
48121 | 2009_004721
47936 | 2010_005606
47673 | 2007_003011
47622 | 2011_000479
47157 | 2007_004112
47148 | 2010_000874
47095 | 2009_002887
46990 | 2011_002578
46914 | 2010_002106
46753 | 2010_002348
46521 | 2011_002327
46473 | 2010_001646
45792 | 2010_002929
45748 | 2011_000789
45210 | 2010_003453
44941 | 2008_001992
44900 | 2010_002390
44488 | 2007_006449
44246 | 2007_002728
44211 | 2008_000795
44070 | 2010_005159
43888 | 2007_005689
43871 | 2008_002775
43325 | 2011_000830
43195 | 2007_001284
42704 | 2010_003014
42695 | 2010_005187
42001 | 2010_004757
41994 | 2010_005046
41666 | 2009_001082
41571 | 2010_003675
41333 | 2009_000487
41327 | 2011_003256
41171 | 2010_004149
40978 | 2007_008802
40794 | 2007_007493
40746 | 2011_000780
40619 | 2010_005013
40503 | 2007_003373
40243 | 2011_000953
40213 | 2010_000110
40163 | 2007_005304
40119 | 2008_008434
40100 | 2009_003607
39681 | 2009_005038
39378 | 2007_003848
39123 | 2007_003201
39064 | 2011_002812
38986 | 2011_000412
38843 | 2008_008711
38755 | 2010_004479
38615 | 2007_002427
38598 | 2010_002480
38557 | 2009_004579
38474 | 2010_003325
38406 | 2008_003270
38236 | 2007_001321
38091 | 2008_006722
37958 | 2007_006647
37773 | 2010_001367
37639 | 2007_002400
37597 | 2007_003020
37518 | 2009_003549
37300 | 2010_000683
37044 | 2009_004099
37024 | 2011_002358
36915 | 2010_000216
36661 | 2008_007219
36510 | 2007_009687
35948 | 2010_001264
35861 | 2010_001962
35654 | 2010_002228
35509 | 2010_003746
35066 | 2010_004472
35027 | 2008_007994
34996 | 2010_005709
34952 | 2008_008362
34815 | 2010_002900
34777 | 2010_003597
34731 | 2010_000552
34695 | 2007_005911
34214 | 2009_001818
33959 | 2009_003895
33956 | 2007_009096
33920 | 2008_006408
33569 | 2009_002346
33497 | 2008_002864
33418 | 2010_004856
33221 | 2007_004033
33200 | 2011_002641
33126 | 2011_000900
33022 | 2008_003330
32656 | 2008_002379
32476 | 2007_006117
32255 | 2011_002589
32212 | 2009_004789
31994 | 2010_004219
31887 | 2009_004497
31885 | 2010_004825
31817 | 2009_003071
31695 | 2008_003577
31535 | 2010_005108
31178 | 2011_001447
30818 | 2008_008335
30773 | 2010_005166
30512 | 2011_000435
30502 | 2010_004828
30498 | 2007_000042
30484 | 2007_006864
30186 | 2010_000160
28935 | 2010_005508
28876 | 2007_008547
28674 | 2008_002942
28130 | 2011_002391
27712 | 2010_004772
27425 | 2009_003564
27141 | 2009_000771
26941 | 2007_006802
26924 | 2007_009258
26804 | 2009_002221
26730 | 2007_006560
26655 | 2008_003108
26389 | 2008_000573
26076 | 2011_000185
25629 | 2011_001722
25574 | 2011_002498
25304 | 2007_002268
25220 | 2011_001071
25173 | 2011_000178
24715 | 2007_007109
24647 | 2009_000354
24230 | 2010_000330
24215 | 2009_003773
23832 | 2011_002200
23619 | 2008_005399
23168 | 2010_002512
22996 | 2007_002445
22785 | 2008_001283
22482 | 2007_000129
22406 | 2008_004575
22398 | 2010_006070
21577 | 2007_005173
21359 | 2010_005899
21342 | 2008_000270
21229 | 2008_004140
21186 | 2010_005021
20985 | 2011_001416
20751 | 2007_001526
20536 | 2008_002240
20426 | 2010_001024
19918 | 2009_005148
19917 | 2011_001714
19602 | 2010_002623
19531 | 2007_004712
19516 | 2009_002649
19075 | 2010_001376
18920 | 2010_001403
18893 | 2008_003874
18146 | 2008_003777
17622 | 2008_000359
16254 | 2007_002903
15122 | 2010_001451
14501 | 2008_000731
14496 | 2009_003551
14327 | 2011_003030
13469 | 2007_009655
13469 | 2008_001439
13468 | 2007_002824
13447 | 2007_007688
12847 | 2011_000070
11463 | 2008_008469
11399 | 2007_008944
10325 | 2011_001069
10040 | 2007_007996
09189 | 2009_001255
08677 | 2011_000526
08142 | 2007_003101
07306 | 2010_004763
06900 | 2011_002121
06505 | 2007_000323
05208 | 2009_002185
03956 | 2010_000904
03849 | 2009_002415
03845 | 2009_004072
03641 | 2010_003381
03338 | 2010_005991
02694 | 2008_003477
01935 | 2010_004348
00922 | 2007_000762
00743 | 2007_003742
00690 | 2007_007651
-0441 | 2007_002426
-1595 | 2007_007007
-2315 | 2008_000673
-2600 | 2011_001276
-3104 | 2007_004468
-3184 | 2010_002137
-3331 | 2008_002958
-4661 | 2010_004322
-4809 | 2009_003523
-5144 | 2009_003059
-5734 | 2008_004701
-5835 | 2007_000491
-8150 | 2009_002238
-8430 | 2007_008964
-8865 | 2007_006086
-9022 | 2008_006523
-9106 | 2008_008393
-9767 | 2010_000764
-13921 | 2009_000731
-18901 | 2011_000066
-19844 | 2007_000663
-20863 | 2011_002247
-23529 | 2010_000426
-24345 | 2011_002685
-25174 | 2011_001665
-26749 | 2010_000159
-27425 | 2008_005097
-27553 | 2010_003123
-28893 | 2010_001000
-29114 | 2011_002178
-29595 | 2011_003271
-30212 | 2010_004369
-36939 | 2009_004859
-38369 | 2010_001579
-38989 | 2011_003197
-43307 | 2009_003003
-43343 | 2010_001553
-46798 | 2011_002343
-51737 | 2009_000839
-54350 | 2007_009413
-56078 | 2011_001775
-58572 | 2010_001327
-69825 | 2007_007417
-70442 | 2007_001763
-72138 | 2008_005145
-74532 | 2007_007810
-75368 | 2009_002732
-76140 | 2007_003841
-82036 | 2008_005915
-85201 | 2008_001895
-97724 | 2008_000763
-100931 | 2007_007498
-103286 | 2011_003182
-104370 | 2007_002539
-108984 | 2008_008051
-122555 | 2011_000661
-128506 | 2007_008260
-135436 | 2009_001215
-156560 | 2010_004951
aeroplane
56278 | 2011_001434
41776 | 2007_001761
37379 | 2008_003369
34709 | 2009_002808
34050 | 2011_002327
33602 | 2008_004704
32382 | 2007_002619
31086 | 2007_006946
30913 | 2010_002147
28815 | 2008_005338
26323 | 2010_001174
22045 | 2008_003926
21525 | 2008_001546
20450 | 2010_003716
20441 | 2008_003155
19711 | 2010_002939
19583 | 2009_001851
18327 | 2010_006034
16924 | 2010_003365
16545 | 2010_001024
15177 | 2007_002266
15035 | 2010_004419
14937 | 2010_000622
14262 | 2007_007341
13364 | 2010_001448
13241 | 2010_003495
13146 | 2009_000387
12988 | 2008_003876
12225 | 2009_001332
12097 | 2011_001407
11659 | 2011_001880
11018 | 2010_005534
10997 | 2007_001568
10681 | 2009_003005
10225 | 2007_005828
09754 | 2011_002675
09715 | 2008_007350
09639 | 2007_002376
09534 | 2010_002310
09507 | 2010_000238
08933 | 2007_009911
08707 | 2007_004052
08440 | 2009_001850
08430 | 2007_005509
08019 | 2007_000033
07779 | 2007_007470
07635 | 2010_005877
07340 | 2009_003806
06542 | 2008_002358
06014 | 2009_003696
05719 | 2008_003976
05093 | 2009_005189
03785 | 2011_000874
03146 | 2009_002888
03124 | 2010_004314
02175 | 2010_003132
02171 | 2009_004969
01931 | 2009_002320
01888 | 2011_001114
01820 | 2010_001017
01386 | 2011_002929
-0047 | 2008_003856
-0114 | 2010_004063
-0491 | 2010_003915
-1337 | 2007_005358
-1406 | 2008_006216
-1610 | 2010_005718
-1665 | 2011_001489
-1860 | 2010_002200
-1877 | 2010_000572
-2525 | 2010_005888
-2719 | 2008_006703
-3083 | 2008_007836
-3524 | 2007_001288
-4210 | 2011_000481
-5793 | 2011_001624
-6101 | 2011_000807
-6775 | 2008_001971
-7202 | 2007_001377
-9151 | 2009_000205
-9970 | 2009_004653
-10708 | 2011_002515
-12745 | 2007_005600
-13165 | 2008_007507
-13736 | 2009_000032
-14908 | 2009_000440
-16092 | 2010_003127
-16781 | 2011_001263
-20296 | 2011_002993
-32213 | 2007_001884
bicycle
03848 | 2008_001404
02052 | 2007_000129
01609 | 2009_001718
00898 | 2010_005664
00472 | 2008_004101
00378 | 2008_003108
00000 | 2009_001663
-0010 | 2011_002244
-0047 | 2010_001206
-0097 | 2010_003293
-0250 | 2010_005860
-0264 | 2010_003123
-0307 | 2008_000469
-0311 | 2008_004363
-0452 | 2010_001246
-0544 | 2011_001529
-0601 | 2010_002693
-0974 | 2011_001988
-1377 | 2007_006028
-1856 | 2007_007235
-1957 | 2010_000083
-1957 | 2011_002002
-2083 | 2008_008629
-2155 | 2008_000725
-2179 | 2007_003188
-2552 | 2008_004654
-2795 | 2008_001531
-2858 | 2010_003446
-3175 | 2009_000351
-3701 | 2007_001630
-3806 | 2010_001367
-3889 | 2007_005281
-3979 | 2008_005738
-4151 | 2008_001231
-4232 | 2010_000065
-4313 | 2008_006254
-4561 | 2010_002792
-4858 | 2010_003912
-5119 | 2007_001587
-5283 | 2011_000585
-5349 | 2008_004995
-5968 | 2007_003621
-6072 | 2011_002064
-6370 | 2008_002269
-6547 | 2009_005087
-7106 | 2009_000573
-7175 | 2011_003003
-7567 | 2009_003224
-8107 | 2009_003065
-8271 | 2007_000572
-9558 | 2009_003971
-9592 | 2007_001311
-9638 | 2009_000457
-9668 | 2007_009258
-10338 | 2007_005107
-10917 | 2007_007836
-11332 | 2009_004848
-12877 | 2011_002223
-12987 | 2008_005727
-15679 | 2011_002713
-15901 | 2011_002150
-16321 | 2009_002295
-16946 | 2009_001255
-19172 | 2009_003193
-19629 | 2009_005156
-23523 | 2009_000149
-24343 | 2010_002030
-24712 | 2010_000342
-25532 | 2009_003343
-25960 | 2009_002928
-26391 | 2008_004758
-27709 | 2007_006449
-29418 | 2009_004882
-30183 | 2008_003270
-32793 | 2011_000412
-35073 | 2010_006070
-42059 | 2010_002536
-45755 | 2008_008711
-57235 | 2009_000354
bird
91302 | 2007_002400
63391 | 2010_001995
55118 | 2009_003273
41046 | 2011_000185
39834 | 2008_002429
37033 | 2011_000482
34701 | 2010_003362
33714 | 2011_001287
33188 | 2010_004559
32688 | 2010_004994
32688 | 2008_003110
27478 | 2007_004143
25741 | 2009_000991
25691 | 2007_008051
24730 | 2009_001565
24525 | 2008_002043
23277 | 2007_009817
22682 | 2007_003349
22396 | 2009_003450
20961 | 2010_003473
19046 | 2009_003378
18455 | 2009_003640
18078 | 2008_008746
17996 | 2009_001683
16960 | 2009_000998
16583 | 2007_009088
16577 | 2008_007120
16448 | 2011_003030
16185 | 2010_005428
14584 | 2010_000814
14189 | 2010_001061
14097 | 2010_000241
14040 | 2010_001069
12420 | 2007_002094
12352 | 2009_000664
11374 | 2009_005262
11336 | 2010_000961
10893 | 2010_003771
10547 | 2009_004895
09003 | 2009_001314
08284 | 2009_004540
07970 | 2009_000318
07769 | 2007_009323
07390 | 2008_007994
07282 | 2007_007084
07249 | 2009_005137
07122 | 2008_001966
06419 | 2010_003418
05135 | 2008_007498
04712 | 2009_005260
04540 | 2010_003168
04331 | 2009_004084
03758 | 2009_003498
03199 | 2008_001514
03024 | 2008_000533
02982 | 2009_004021
02704 | 2009_000619
02407 | 2011_002295
01793 | 2007_008084
01434 | 2009_000879
01314 | 2010_004556
01098 | 2009_001108
00694 | 2011_000456
00250 | 2009_001765
00101 | 2009_004886
00086 | 2011_002578
-0058 | 2011_000548
-0058 | 2010_004348
-0069 | 2007_008670
-0179 | 2007_005074
-0301 | 2008_001283
-1234 | 2009_002604
-1849 | 2010_000836
-1926 | 2011_000669
-1973 | 2007_001289
-1979 | 2007_006076
-2570 | 2011_003145
-2671 | 2008_000123
-3207 | 2010_001016
-3277 | 2009_000037
-3406 | 2010_002142
-3638 | 2011_000912
-3828 | 2010_000918
-4428 | 2010_005531
-5609 | 2011_000112
-6682 | 2009_001160
-6881 | 2009_003858
-7509 | 2010_001820
-7824 | 2010_003820
-7901 | 2010_005353
-8159 | 2009_004509
-8719 | 2008_000848
-8774 | 2009_004568
-8799 | 2007_002412
-9105 | 2010_000502
-9595 | 2009_001607
-10193 | 2008_008268
-11671 | 2011_002548
-12405 | 2008_006143
-12551 | 2010_002450
-13005 | 2010_000335
-14102 | 2007_003682
-15747 | 2011_001421
boat
46593 | 2009_001941
45809 | 2010_004772
42921 | 2008_003858
33558 | 2008_002504
28273 | 2011_000234
24327 | 2008_000120
23274 | 2010_005401
19251 | 2010_000272
19148 | 2009_000446
17082 | 2007_004241
13912 | 2009_000828
13486 | 2009_000723
12616 | 2007_002719
12452 | 2008_001260
09592 | 2010_004662
09455 | 2007_003861
08761 | 2007_005074
08161 | 2011_000435
07892 | 2008_003886
07536 | 2009_000469
07287 | 2011_002975
06672 | 2010_004041
05044 | 2010_003547
04830 | 2009_003504
04169 | 2007_000529
03826 | 2010_001036
01985 | 2008_001040
01371 | 2009_002591
01090 | 2007_007477
00670 | 2011_001161
00395 | 2011_002754
00308 | 2011_002578
-0885 | 2010_002546
-1263 | 2007_003571
-1582 | 2009_004125
-1940 | 2008_003034
-2584 | 2008_006229
-2619 | 2010_004208
-3462 | 2007_003131
-3596 | 2007_006549
-4033 | 2011_000238
-4220 | 2007_008645
-4243 | 2008_001580
-5518 | 2008_002492
-5817 | 2009_000421
-5958 | 2010_000679
-6285 | 2010_000559
-6396 | 2007_000862
-7392 | 2010_005252
-8141 | 2009_000919
-8443 | 2011_001793
-8862 | 2008_005398
-9468 | 2009_003043
-10362 | 2010_005705
-10764 | 2009_003080
-11590 | 2010_002150
-12013 | 2007_000837
-12919 | 2007_000061
-13445 | 2008_001013
-15112 | 2008_001135
-15312 | 2008_005628
-15389 | 2011_001613
-16456 | 2007_005705
-17798 | 2008_007143
-18057 | 2010_000906
-18114 | 2010_000084
-21111 | 2011_001589
-21914 | 2007_005358
-22556 | 2007_006046
-23932 | 2009_003707
-30442 | 2009_004635
-43088 | 2009_002727
bottle
53490 | 2010_004551
52119 | 2008_004659
52101 | 2009_000121
35631 | 2008_002467
33371 | 2009_004579
31444 | 2009_002649
30153 | 2010_004529
29461 | 2009_003517
21738 | 2010_005496
17593 | 2009_003003
17099 | 2010_003468
14733 | 2007_004468
14699 | 2009_002856
13486 | 2009_001818
12985 | 2009_002521
09852 | 2009_000201
09213 | 2009_002749
08260 | 2008_007811
07844 | 2007_005304
06928 | 2007_000346
06827 | 2007_000762
06036 | 2010_004828
05181 | 2011_002863
04409 | 2007_001408
04314 | 2008_002775
03828 | 2008_005399
03632 | 2009_003269
02691 | 2008_005262
02348 | 2011_000843
01688 | 2007_009687
01358 | 2010_002017
01107 | 2008_005812
00978 | 2010_003781
00866 | 2009_002594
00465 | 2011_000438
00172 | 2007_006086
00167 | 2008_000795
00126 | 2009_002732
00045 | 2011_002498
-0027 | 2009_005190
-0040 | 2008_007219
-0042 | 2010_000083
-0128 | 2011_002358
-0132 | 2010_003597
-0211 | 2010_005582
-0236 | 2008_001629
-0303 | 2010_003912
-0338 | 2011_002575
-0466 | 2007_000999
-0489 | 2011_000953
-0537 | 2007_007007
-0554 | 2011_002641
-0562 | 2007_006241
-0579 | 2007_003088
-0588 | 2007_004712
-0594 | 2011_003240
-0607 | 2007_009654
-0635 | 2010_000573
-0805 | 2009_000573
-0988 | 2010_000738
-1410 | 2010_001851
-1450 | 2008_008362
-1459 | 2010_005762
-1473 | 2008_005904
-1523 | 2010_000256
-1565 | 2007_007493
-1741 | 2009_002573
-2323 | 2009_000840
-2401 | 2008_007737
-2658 | 2007_000559
-2673 | 2008_005089
-2926 | 2010_001367
-2979 | 2009_002372
-3038 | 2007_008204
-3069 | 2010_001830
-3673 | 2007_001585
-3986 | 2009_002185
-4013 | 2008_002864
-4059 | 2008_003076
-4355 | 2009_004247
-4463 | 2011_000066
-4698 | 2007_005428
-4777 | 2009_005038
-5314 | 2011_002098
-6404 | 2011_000747
-7944 | 2008_000911
-8045 | 2010_004056
-8157 | 2009_004324
-8593 | 2007_004193
-9048 | 2009_001278
-22045 | 2010_004520
-22715 | 2007_005294
-23975 | 2007_009458
-29055 | 2009_005302
-33958 | 2010_000426
-92345 | 2011_003271
bus
110958 | 2009_001082
104776 | 2010_002868
76737 | 2008_007797
68248 | 2009_004867
67333 | 2008_002205
66125 | 2009_003703
66091 | 2009_001854
66083 | 2009_003304
64843 | 2007_009764
62595 | 2008_000075
61530 | 2011_000888
61206 | 2008_003141
58928 | 2010_000573
58573 | 2009_004789
56914 | 2010_001646
56344 | 2009_000335
54979 | 2007_003137
54503 | 2010_002546
53932 | 2011_001341
53819 | 2009_004732
52896 | 2010_005284
52356 | 2011_000830
52276 | 2009_000426
51782 | 2007_003711
51661 | 2009_002238
50547 | 2008_008252
49825 | 2010_003293
48824 | 2009_001804
47485 | 2009_001816
45388 | 2009_004590
44484 | 2010_005118
41525 | 2007_005911
39805 | 2009_002535
38751 | 2008_008301
38487 | 2010_001206
35068 | 2007_003101
34178 | 2011_001064
34174 | 2008_003777
34095 | 2008_008682
31067 | 2011_000312
28194 | 2010_001403
26110 | 2010_000682
21473 | 2011_003114
20094 | 2011_000248
20036 | 2010_003772
18422 | 2008_006554
18344 | 2010_005063
18229 | 2007_003503
11779 | 2009_004072
11584 | 2007_008747
11524 | 2007_005978
08274 | 2010_005160
07126 | 2007_009015
06096 | 2011_000969
05538 | 2007_000727
03379 | 2009_000455
01511 | 2007_003195
00783 | 2007_009392
00412 | 2007_007818
00358 | 2011_000239
-0073 | 2008_005676
-0257 | 2008_007804
-0295 | 2010_002200
-0490 | 2007_001884
-1216 | 2011_001110
-2216 | 2011_000178
-2507 | 2007_003621
-2908 | 2007_003786
-7685 | 2009_005231
-10328 | 2008_008469
-10707 | 2010_004348
-12112 | 2011_001748
-68242 | 2007_000663
-110666 | 2007_002539
car
112605 | 2008_003577
97358 | 2010_000160
83138 | 2010_003854
79128 | 2010_002361
74063 | 2011_000900
70803 | 2011_002592
70774 | 2010_003453
69665 | 2010_005432
66614 | 2008_004069
61568 | 2009_000523
58934 | 2011_003055
57728 | 2010_002902
55082 | 2010_003276
53755 | 2009_004594
51918 | 2007_003917
49833 | 2007_001321
48477 | 2010_003813
48269 | 2007_006277
48078 | 2008_003846
47744 | 2010_000952
47379 | 2009_004748
45884 | 2007_003143
45720 | 2009_003589
44067 | 2010_003381
43013 | 2009_003387
42878 | 2010_004946
42148 | 2009_002990
40462 | 2010_002929
40364 | 2008_006986
38398 | 2007_007815
38208 | 2009_003549
36328 | 2010_005501
34065 | 2009_003406
32467 | 2010_000372
29846 | 2008_002212
26802 | 2008_006254
23056 | 2009_002164
22543 | 2010_002988
20767 | 2010_005860
20412 | 2007_003051
20195 | 2008_004552
19778 | 2009_003003
15720 | 2007_005547
14847 | 2007_009096
12702 | 2009_002618
10648 | 2008_007804
10354 | 2008_000501
08557 | 2011_002322
07974 | 2011_000503
07588 | 2008_003141
05090 | 2009_000825
04394 | 2008_003333
03295 | 2010_003746
02852 | 2011_003019
02377 | 2010_004472
01731 | 2010_000530
01610 | 2009_000121
01561 | 2010_006070
01241 | 2007_005331
01119 | 2010_002017
00681 | 2009_000335
00583 | 2010_003293
-0043 | 2011_001988
-0179 | 2007_008708
-0525 | 2010_002200
-0592 | 2010_003446
-0863 | 2009_002238
-0902 | 2007_002643
-0933 | 2007_009938
-1016 | 2010_002546
-1272 | 2011_001110
-1488 | 2007_003711
-1872 | 2010_001246
-2135 | 2008_006526
-2136 | 2009_001536
-2199 | 2008_005245
-3354 | 2010_001767
-3855 | 2009_001255
-3941 | 2008_006275
-4329 | 2007_005509
-4508 | 2009_004455
-4743 | 2011_002002
-5513 | 2010_005284
-5866 | 2007_005074
-5946 | 2010_003231
-7085 | 2007_003587
-7204 | 2009_000457
-7232 | 2007_000529
-7290 | 2011_002064
-7707 | 2010_000682
-7980 | 2010_001966
-8076 | 2010_003123
-8848 | 2011_001313
-9023 | 2010_000628
-9177 | 2007_000727
-9845 | 2009_003269
-9871 | 2010_005718
-10092 | 2011_000248
-10295 | 2010_001403
-10447 | 2007_007414
-11857 | 2007_003101
-13235 | 2007_006035
-13281 | 2011_002812
-13797 | 2007_003195
-13872 | 2010_003768
-14224 | 2010_004337
-15962 | 2007_003503
-16872 | 2010_001553
-17308 | 2009_001240
-17895 | 2008_008127
-18765 | 2011_003114
-19190 | 2008_004339
-19198 | 2011_001190
-19353 | 2010_001734
-19521 | 2009_004494
-19625 | 2007_009392
-22750 | 2007_008747
-24106 | 2007_009015
-24972 | 2011_001669
-29530 | 2011_000658
-30633 | 2007_005296
-31370 | 2010_005013
-31836 | 2011_000239
-44202 | 2009_002239
-45676 | 2007_007818
-48858 | 2008_002958
-55927 | 2007_000663
cat
87441 | 2010_000683
76232 | 2010_002900
71948 | 2011_002685
69213 | 2007_009794
67221 | 2011_001292
66826 | 2008_006325
63788 | 2007_004856
63662 | 2010_005344
63313 | 2010_005899
62188 | 2010_005021
62137 | 2008_003499
60434 | 2010_000163
58890 | 2010_000552
56981 | 2007_002470
56524 | 2010_002348
53926 | 2008_006480
53568 | 2010_002025
52507 | 2010_002422
45640 | 2011_001607
44323 | 2010_003402
42456 | 2009_000716
42348 | 2011_001597
41692 | 2010_001656
40232 | 2007_003991
39972 | 2007_005460
39684 | 2009_001391
39316 | 2010_001331
38931 | 2007_001774
38681 | 2010_004861
36793 | 2011_001534
36641 | 2010_004120
36238 | 2007_003169
36151 | 2009_003904
34850 | 2009_001008
34681 | 2010_004369
32909 | 2007_007524
32247 | 2009_005158
31841 | 2011_000780
31733 | 2009_003771
31363 | 2010_001292
30571 | 2008_002152
29902 | 2010_002531
29854 | 2011_000789
29145 | 2008_000345
28899 | 2010_004104
28837 | 2008_000464
28566 | 2010_003468
28352 | 2010_003764
27905 | 2010_004320
27628 | 2010_002512
27435 | 2007_009221
27103 | 2009_004504
27020 | 2010_002305
26960 | 2009_002753
26761 | 2011_001601
26390 | 2009_002268
25411 | 2008_006341
25393 | 2007_006260
25310 | 2008_001433
24995 | 2011_000661
24246 | 2008_001640
24230 | 2010_001351
23364 | 2007_009346
22599 | 2010_001534
21604 | 2010_002146
21433 | 2009_004248
21264 | 2010_003758
19767 | 2009_005219
19709 | 2008_001078
19436 | 2009_002527
19125 | 2007_008815
19062 | 2008_002681
18422 | 2009_000013
18043 | 2011_000813
17922 | 2010_004815
17468 | 2010_003275
15789 | 2010_005508
15623 | 2010_000724
14136 | 2009_001411
14027 | 2008_007548
12778 | 2007_002445
12427 | 2010_003781
11879 | 2007_009923
11871 | 2008_000401
11504 | 2010_003971
10303 | 2010_005606
09406 | 2009_000080
09208 | 2010_000941
08672 | 2010_002693
08050 | 2008_001885
07990 | 2009_002936
07900 | 2010_001913
06596 | 2009_000964
06255 | 2010_005421
06090 | 2008_001513
05532 | 2010_001070
05036 | 2010_002137
04473 | 2008_000182
03916 | 2010_004479
02453 | 2007_001763
01992 | 2007_002597
01734 | 2009_004099
01488 | 2011_000419
01095 | 2007_007417
00824 | 2009_000488
00698 | 2007_002268
00244 | 2007_008110
-0146 | 2010_001149
-0479 | 2009_004721
-0560 | 2007_004866
-0581 | 2010_002763
-1295 | 2010_005108
-1592 | 2008_000853
-3019 | 2008_002623
-3103 | 2007_005845
-5554 | 2007_003106
-9896 | 2011_001775
-10959 | 2010_003675
-12822 | 2010_005709
chair
38309 | 2008_001439
23380 | 2007_006553
19959 | 2008_007194
18495 | 2008_004612
17002 | 2009_002415
15752 | 2011_001071
13997 | 2007_006348
10839 | 2010_003302
05794 | 2010_003531
05456 | 2010_000003
05165 | 2008_007527
03944 | 2009_003071
03791 | 2009_003507
03700 | 2010_004763
03651 | 2009_001299
03585 | 2008_000107
02970 | 2008_007737
02905 | 2010_002921
02384 | 2007_005844
01705 | 2011_002041
01315 | 2009_003849
01236 | 2007_004405
00625 | 2008_002379
-0452 | 2008_000863
-0755 | 2008_006008
-1019 | 2010_001579
-1145 | 2008_007048
-1238 | 2011_002641
-1265 | 2007_001678
-1349 | 2008_008362
-1370 | 2008_007402
-1432 | 2011_002298
-1522 | 2011_002575
-1669 | 2007_009521
-1754 | 2010_005626
-1835 | 2009_003123
-1884 | 2011_001276
-2324 | 2007_009252
-2337 | 2007_009068
-2720 | 2008_005445
-3019 | 2010_002512
-3105 | 2007_008897
-3128 | 2011_000338
-3388 | 2010_002336
-3675 | 2008_000149
-4070 | 2007_007493
-4097 | 2009_003991
-4103 | 2009_003895
-4140 | 2010_003409
-4498 | 2011_000226
-4669 | 2009_002571
-4969 | 2007_006241
-5317 | 2007_000830
-5389 | 2010_002017
-5431 | 2011_000843
-6203 | 2007_004392
-6670 | 2010_003325
-6686 | 2007_009084
-6788 | 2007_004510
-7002 | 2007_004193
-7040 | 2009_003494
-7050 | 2008_007378
-7530 | 2011_002200
-7606 | 2007_000661
-8019 | 2010_002538
-8079 | 2007_004712
-8399 | 2007_008106
-8432 | 2007_007795
-8474 | 2007_006086
-8576 | 2008_001715
-9200 | 2007_001717
-9832 | 2011_000813
-9915 | 2011_002509
-9930 | 2007_003011
-10233 | 2008_003477
-11212 | 2011_001346
-11214 | 2007_008110
-11410 | 2011_002644
-11431 | 2011_002358
-11519 | 2007_001677
-11543 | 2009_000391
-11620 | 2011_002124
-12386 | 2009_002487
-13250 | 2011_003011
-13606 | 2007_007996
-13615 | 2009_002346
-13982 | 2007_007203
-14486 | 2010_003971
-14506 | 2010_001699
-14571 | 2010_005021
-15194 | 2011_000809
-15950 | 2011_001862
-16535 | 2007_000452
-16807 | 2008_007828
-16851 | 2010_001851
-16911 | 2010_002693
-17126 | 2009_004217
-17127 | 2010_004783
-17429 | 2007_001457
-18144 | 2011_001447
-18338 | 2007_008543
-19147 | 2011_001567
-19565 | 2007_000804
-21890 | 2011_003103
-22420 | 2009_000096
-22939 | 2009_004140
-22940 | 2008_002521
-24129 | 2009_004687
-24448 | 2008_003821
-24482 | 2010_000639
-25497 | 2010_004825
-25731 | 2008_000673
-26956 | 2011_002391
-28814 | 2009_004859
-28937 | 2007_009413
-32084 | 2011_000607
-32551 | 2011_001812
-36088 | 2010_004543
-40612 | 2009_001775
-43184 | 2010_002623
-45335 | 2011_001665
-66927 | 2011_002343
-131757 | 2011_000661
cow
43379 | 2011_001232
36618 | 2008_006063
34399 | 2008_007025
31795 | 2011_002885
31393 | 2008_005105
29558 | 2010_000427
26777 | 2008_005097
24065 | 2007_009245
19955 | 2007_001299
19855 | 2009_002150
19511 | 2010_001010
19235 | 2010_004789
19193 | 2008_007031
18425 | 2009_002122
17650 | 2010_004635
17562 | 2007_008973
17289 | 2010_000907
16649 | 2007_009897
15067 | 2009_000641
14896 | 2007_002903
14218 | 2007_006841
13721 | 2011_000548
13377 | 2011_001047
13375 | 2007_003201
13041 | 2008_006528
12489 | 2008_007273
12352 | 2011_001708
12173 | 2009_002221
11501 | 2011_000566
10429 | 2008_007123
09487 | 2009_002171
09232 | 2007_000464
07981 | 2009_002035
07555 | 2009_002549
06915 | 2010_001692
06596 | 2007_006761
06459 | 2011_001546
05982 | 2011_003019
05395 | 2009_002635
05179 | 2008_000073
04774 | 2008_002778
02718 | 2007_005547
02144 | 2007_002387
02125 | 2007_008722
01683 | 2010_003183
00439 | 2009_003569
00293 | 2008_000009
00030 | 2011_001782
-0706 | 2009_000771
-1108 | 2011_001530
-1244 | 2010_005922
-1544 | 2008_007596
-2560 | 2009_000731
-2606 | 2010_002701
-4570 | 2010_003239
-5220 | 2009_003059
-5449 | 2010_005166
-6436 | 2007_005114
-12105 | 2010_002390
-13867 | 2009_000309
-15026 | 2010_002763
-15685 | 2009_003542
-22025 | 2010_001000
-22111 | 2009_003773
-23211 | 2011_001159
-24091 | 2009_000219
-24417 | 2008_000919
-47614 | 2007_000491
-56330 | 2010_004322
-61485 | 2008_004701
-122742 | 2007_003841
diningtable
39547 | 2007_006241
13093 | 2007_002624
12093 | 2009_004140
11985 | 2011_002200
11534 | 2011_000226
06801 | 2007_004405
05646 | 2008_007402
04351 | 2007_003742
03664 | 2008_000573
03543 | 2008_008362
02633 | 2008_006008
02104 | 2007_001677
01990 | 2009_003849
01880 | 2007_009521
01695 | 2007_000830
01153 | 2008_006408
00984 | 2007_001430
00156 | 2009_002487
-0039 | 2007_005803
-0411 | 2008_007048
-0596 | 2011_000338
-0912 | 2011_001069
-1174 | 2009_003507
-1197 | 2007_009706
-1510 | 2011_001862
-1891 | 2009_003123
-2072 | 2010_001851
-3672 | 2009_002571
-3755 | 2011_000809
-3858 | 2008_004140
-4143 | 2011_002075
-5391 | 2011_002358
-6129 | 2010_004825
-10490 | 2011_000598
-10791 | 2007_003011
-11080 | 2009_003071
-11836 | 2008_007378
-11957 | 2010_005046
-12139 | 2007_005844
-12292 | 2010_003531
-14153 | 2008_005145
-14153 | 2010_003597
-15498 | 2009_003991
-15565 | 2008_006108
-17201 | 2010_002336
-17624 | 2010_000174
-17923 | 2011_001276
-20293 | 2008_003477
-20365 | 2007_004712
-20463 | 2010_003325
-21821 | 2011_000953
-23480 | 2007_000762
-24428 | 2007_007810
-24465 | 2010_005626
-24738 | 2008_002864
-25032 | 2009_005038
-25662 | 2008_004575
-27931 | 2008_008335
-32926 | 2007_009413
-33682 | 2007_000847
-35972 | 2010_003971
-37535 | 2007_007007
-37830 | 2008_002379
-39059 | 2008_002775
-41008 | 2009_002415
-45730 | 2009_003003
-48000 | 2009_004859
-55223 | 2007_007651
-55541 | 2011_001665
-60880 | 2010_001579
-62766 | 2007_007498
-70233 | 2007_006086
-80003 | 2008_008051
-96093 | 2009_001215
-116027 | 2008_000763
dog
82916 | 2010_005159
76025 | 2011_002589
70593 | 2010_002480
70089 | 2010_003746
65673 | 2011_002040
64127 | 2010_000159
61576 | 2007_009562
60989 | 2010_000422
59643 | 2010_001124
57729 | 2007_005696
53449 | 2007_002852
50164 | 2010_001956
48520 | 2007_008980
47882 | 2010_005206
43317 | 2008_000943
43202 | 2010_002228
40804 | 2011_001984
39427 | 2009_001535
38438 | 2009_004507
37007 | 2011_002279
36943 | 2010_001376
36254 | 2008_003238
35374 | 2008_002859
35039 | 2011_002121
34290 | 2009_003810
33617 | 2010_003506
33381 | 2011_001642
32710 | 2007_005149
32528 | 2010_003060
32335 | 2010_005992
32200 | 2009_002012
31832 | 2009_002155
31585 | 2011_001745
30739 | 2011_002110
30612 | 2010_000788
30494 | 2009_001687
30384 | 2007_001239
29400 | 2010_003187
28594 | 2007_008222
28218 | 2011_002156
27610 | 2008_001379
27356 | 2008_002904
26703 | 2007_008260
24806 | 2008_002239
23953 | 2009_000839
23835 | 2007_006171
22441 | 2011_000536
22274 | 2011_002298
22229 | 2011_000045
22027 | 2008_007513
21753 | 2011_002371
20616 | 2008_006130
20493 | 2009_003217
20228 | 2008_000661
19386 | 2009_002539
18936 | 2008_000239
18377 | 2010_005644
18364 | 2010_001908
17416 | 2009_003756
17276 | 2011_001714
16424 | 2011_001014
16312 | 2007_003194
16070 | 2008_002936
15777 | 2007_002597
14904 | 2011_003256
14884 | 2008_001070
14492 | 2007_001763
14164 | 2010_005575
13941 | 2007_008415
13435 | 2009_003241
13068 | 2007_003373
12184 | 2008_003576
11374 | 2009_002445
11276 | 2008_007378
10848 | 2008_006981
10720 | 2008_000080
10672 | 2009_004994
10146 | 2009_000892
10007 | 2009_000935
09861 | 2009_004592
09492 | 2010_000110
09310 | 2008_006722
08997 | 2009_003928
08928 | 2010_000216
08842 | 2007_004112
08702 | 2007_009592
08597 | 2008_000863
08347 | 2010_000639
07268 | 2007_004189
07255 | 2010_005991
07099 | 2009_003063
05872 | 2010_000904
05615 | 2007_002268
05439 | 2010_004165
05405 | 2008_003511
05361 | 2010_004628
05158 | 2008_002536
05027 | 2008_000270
04912 | 2011_001868
04806 | 2008_002958
04061 | 2007_006444
03561 | 2008_001895
03306 | 2008_005197
03293 | 2007_003110
03157 | 2010_000003
02946 | 2010_004795
02935 | 2007_004644
02845 | 2007_007417
02706 | 2008_001478
02492 | 2007_009084
01413 | 2009_002346
01176 | 2010_001264
00882 | 2009_004033
00513 | 2007_009331
-0758 | 2010_004550
-0996 | 2007_001594
-1920 | 2011_001276
-2046 | 2009_000989
-2202 | 2011_001862
-3188 | 2010_005245
-3502 | 2009_000156
-4414 | 2010_001563
-4577 | 2007_003872
-7240 | 2010_001768
-7805 | 2011_002098
-9820 | 2009_004581
-17318 | 2009_003466
-44910 | 2007_008964
horse
57874 | 2007_002046
47418 | 2010_003532
47025 | 2008_008421
45640 | 2010_004519
43568 | 2010_005174
40966 | 2009_004497
39979 | 2010_002161
39828 | 2007_007109
39020 | 2010_000874
35698 | 2008_007945
33983 | 2008_004396
33108 | 2009_004942
32999 | 2009_000412
29828 | 2008_001992
29613 | 2008_000602
28300 | 2009_002975
24987 | 2010_000038
23448 | 2008_008393
22146 | 2007_000799
21784 | 2009_003804
21444 | 2007_000783
19750 | 2008_005525
17415 | 2008_002835
16997 | 2008_008392
16920 | 2009_003481
15729 | 2007_004902
14999 | 2009_003323
14703 | 2008_004705
14687 | 2009_005217
14251 | 2008_003461
13596 | 2010_002691
13456 | 2008_003782
13385 | 2009_002165
13238 | 2009_000012
11954 | 2008_005691
10805 | 2009_001433
10713 | 2007_000332
10351 | 2008_004624
10342 | 2007_008256
10122 | 2008_005642
08765 | 2007_006364
08658 | 2007_005331
08429 | 2010_000666
07404 | 2008_007392
06553 | 2007_001586
06538 | 2007_007748
05864 | 2011_000526
05217 | 2009_003903
05125 | 2008_000765
04874 | 2007_008596
03846 | 2008_003379
03671 | 2008_006219
02988 | 2008_004687
02694 | 2009_000931
02157 | 2008_001682
01554 | 2007_004538
01357 | 2007_009841
01199 | 2007_006866
00779 | 2008_006036
00594 | 2007_008802
00174 | 2011_003085
-0430 | 2011_001722
-0603 | 2007_003022
-0734 | 2007_009251
-1201 | 2008_004175
-1662 | 2007_009331
-2157 | 2009_000727
-3015 | 2011_002730
-3241 | 2007_004722
-3363 | 2009_002097
-5120 | 2007_003611
-5915 | 2011_000396
-6428 | 2009_000705
-7927 | 2011_002951
-11318 | 2010_001451
-12090 | 2008_008296
-14193 | 2007_001955
-14389 | 2007_005114
-31178 | 2010_004856
motorbike
65551 | 2010_004219
56235 | 2010_002271
49942 | 2008_004345
48359 | 2010_001251
47542 | 2008_005422
44716 | 2010_004355
37870 | 2010_000087
31955 | 2007_002260
30241 | 2011_000512
29989 | 2008_000811
29397 | 2009_002382
28192 | 2010_004941
26935 | 2009_004455
23972 | 2009_000074
23489 | 2007_007211
21260 | 2008_002240
20941 | 2010_005501
20191 | 2010_003207
17659 | 2008_002383
17658 | 2007_009756
17585 | 2010_005433
17103 | 2010_005160
16320 | 2010_002251
16014 | 2009_000825
15261 | 2009_004043
15120 | 2010_005366
14417 | 2007_005354
14297 | 2009_003196
13914 | 2007_009084
13369 | 2009_005078
13245 | 2007_005608
11814 | 2009_004738
11804 | 2011_000618
11737 | 2008_003451
11664 | 2007_009938
11522 | 2007_005173
11454 | 2009_002651
10861 | 2009_002317
10823 | 2010_004042
10520 | 2007_004033
10126 | 2007_004380
08955 | 2011_003019
08487 | 2009_000730
07685 | 2007_007688
07302 | 2008_000782
06513 | 2008_005245
06188 | 2011_002322
05783 | 2009_004987
05510 | 2007_004275
04197 | 2008_006526
03269 | 2007_003367
03088 | 2009_003576
03018 | 2007_006647
02953 | 2011_000455
02629 | 2008_008127
01954 | 2008_003333
00964 | 2010_001313
00818 | 2007_002823
00557 | 2008_004399
00259 | 2007_002643
-0391 | 2008_006874
-0762 | 2010_004337
-0895 | 2010_000929
-1469 | 2009_004801
-2697 | 2007_005759
-3146 | 2010_005252
-3228 | 2010_003947
-3687 | 2008_005049
-4031 | 2007_009691
-4134 | 2010_002396
-4912 | 2008_005637
-6980 | 2010_004697
-10188 | 2008_001150
-56492 | 2009_002239
-63876 | 2010_001553
-124039 | 2008_005915
person
85480 | 2011_002578
82798 | 2007_000323
81442 | 2007_001526
80073 | 2008_000234
78274 | 2007_007493
77790 | 2008_003210
76916 | 2011_002308
76786 | 2011_002317
75261 | 2011_000479
74642 | 2007_006698
74151 | 2008_000359
72588 | 2009_002372
70096 | 2008_000215
67725 | 2011_000843
67012 | 2008_007219
65949 | 2011_001988
64774 | 2007_001284
64087 | 2011_000054
63763 | 2008_000573
63581 | 2007_000999
63270 | 2008_003733
62388 | 2010_005046
62372 | 2009_002185
61441 | 2008_003874
60612 | 2008_003492
59815 | 2011_000438
59780 | 2007_006560
58435 | 2008_008335
56467 | 2011_001674
56322 | 2007_009654
53966 | 2008_004101
53713 | 2011_001447
53238 | 2008_002864
53040 | 2008_005812
53002 | 2011_002343
52748 | 2007_009413
52473 | 2008_006526
52053 | 2008_000795
50031 | 2007_009687
49979 | 2010_004479
49234 | 2008_006275
49049 | 2007_006117
48430 | 2007_005845
48310 | 2010_003014
46775 | 2011_003240
46731 | 2008_004140
46235 | 2008_003511
45808 | 2007_008430
45629 | 2008_007994
45593 | 2007_004902
45473 | 2010_005582
45460 | 2008_006108
45375 | 2008_003330
44624 | 2008_001629
44017 | 2007_003020
43940 | 2009_003849
43731 | 2009_002732
43588 | 2007_003088
43373 | 2007_006076
43195 | 2008_001504
43092 | 2010_000174
42690 | 2008_007737
42616 | 2007_001408
42190 | 2011_002498
41692 | 2008_001821
41393 | 2009_005038
41291 | 2010_002623
40749 | 2011_001069
39849 | 2010_003325
39738 | 2010_000559
39248 | 2008_006408
39018 | 2008_004575
38921 | 2011_000455
38794 | 2007_005304
38195 | 2010_001579
37817 | 2011_000638
37418 | 2008_000992
36839 | 2010_005626
34668 | 2007_006864
33683 | 2007_001430
33189 | 2007_008708
32905 | 2009_002346
32067 | 2008_007402
31827 | 2011_000051
31608 | 2008_000213
31503 | 2010_001367
31272 | 2007_003134
31260 | 2010_001767
31159 | 2009_004859
30892 | 2007_000346
30852 | 2008_001074
30791 | 2011_000953
30381 | 2008_000271
30156 | 2007_000129
29528 | 2011_001276
29361 | 2008_001992
28575 | 2007_008944
28342 | 2008_001249
28261 | 2007_002728
28240 | 2009_003269
28238 | 2009_000418
27635 | 2009_002584
27482 | 2011_002200
27468 | 2008_006874
27285 | 2007_002119
27283 | 2009_001718
27270 | 2007_002824
27223 | 2011_002075
26993 | 2007_009320
26255 | 2010_005709
25937 | 2008_003676
25429 | 2011_001071
25384 | 2008_002942
25119 | 2007_007795
25069 | 2008_005399
24588 | 2008_003108
24464 | 2007_007007
24396 | 2011_002641
23584 | 2008_001491
23162 | 2008_003856
23103 | 2011_001567
23101 | 2008_002588
22806 | 2007_009684
22806 | 2009_003494
21811 | 2010_004165
21577 | 2007_001717
21419 | 2007_001423
21413 | 2008_001170
21184 | 2008_008362
21080 | 2011_002358
20328 | 2007_009691
20135 | 2010_004432
19554 | 2011_002997
19148 | 2008_003546
18966 | 2008_003076
18776 | 2007_003106
18638 | 2010_004697
18441 | 2007_001630
18271 | 2008_001874
18255 | 2008_000233
17668 | 2007_004712
17623 | 2007_004392
17575 | 2007_007195
17467 | 2007_006647
17023 | 2010_000738
16590 | 2007_003530
16311 | 2007_009258
16236 | 2007_002624
15386 | 2008_002775
15050 | 2007_003188
15032 | 2008_001404
14927 | 2008_000661
14674 | 2011_002322
14402 | 2007_000762
14401 | 2011_001619
14199 | 2007_000799
14199 | 2007_005608
13657 | 2007_007996
13634 | 2008_003451
13314 | 2008_003238
12975 | 2010_000530
12412 | 2010_001692
10984 | 2008_006722
10683 | 2010_005871
10564 | 2007_002378
10559 | 2011_000566
10456 | 2008_006254
10282 | 2008_001547
10163 | 2009_000704
09991 | 2010_001699
09884 | 2008_005445
09294 | 2008_000270
09108 | 2010_004472
09074 | 2010_004815
08996 | 2007_005173
08950 | 2007_007651
08890 | 2010_002161
08652 | 2009_003576
08622 | 2011_000809
08584 | 2009_004994
08320 | 2011_001159
07952 | 2007_003742
07806 | 2007_000847
07404 | 2010_002929
07241 | 2010_004828
07184 | 2008_001531
07110 | 2010_000256
06935 | 2010_002017
06882 | 2008_003034
06849 | 2008_004654
06651 | 2011_001794
06639 | 2008_007828
06533 | 2009_004507
06388 | 2007_007109
06247 | 2007_009756
06160 | 2007_004722
06142 | 2010_002763
06085 | 2010_002902
05917 | 2011_002002
05840 | 2007_008897
05773 | 2007_007810
05657 | 2009_003071
05617 | 2007_007836
05568 | 2007_004380
05397 | 2008_006341
05370 | 2010_002137
05286 | 2007_006364
05269 | 2009_001299
04997 | 2009_004987
04939 | 2009_000309
04810 | 2010_005991
04795 | 2007_006171
04640 | 2011_002575
04603 | 2011_002110
04598 | 2009_002042
04514 | 2007_007203
04466 | 2010_004219
03851 | 2009_001663
03717 | 2009_005217
03649 | 2007_006444
03562 | 2008_000700
03547 | 2007_001585
03358 | 2007_004281
03250 | 2008_008221
02879 | 2008_003333
02856 | 2010_002396
02737 | 2011_000585
02721 | 2010_000038
02691 | 2007_009331
02672 | 2007_001678
02593 | 2011_000618
02586 | 2011_002623
02473 | 2007_008204
02451 | 2009_002649
02445 | 2008_000223
02242 | 2008_002212
02242 | 2007_008110
02227 | 2009_001433
02055 | 2007_007235
01952 | 2007_001311
01930 | 2011_003019
01875 | 2009_002239
01787 | 2008_002835
01652 | 2008_000673
01366 | 2010_002792
01121 | 2010_003446
00935 | 2008_000630
00887 | 2009_005087
00883 | 2007_004275
00852 | 2009_004043
00850 | 2009_004738
00782 | 2007_009655
00775 | 2009_003991
00732 | 2010_001563
00731 | 2010_005252
00718 | 2007_009750
00675 | 2010_004559
00637 | 2010_005118
00612 | 2010_002251
00476 | 2011_001346
00241 | 2009_004848
00066 | 2007_002565
-0057 | 2007_007748
-0060 | 2011_000874
-0068 | 2009_003043
-0095 | 2011_000503
-0096 | 2010_004208
-0099 | 2007_000862
-0130 | 2008_003141
-0134 | 2008_008127
-0237 | 2008_005738
-0248 | 2009_003895
-0253 | 2011_000234
-0285 | 2007_000783
-0301 | 2011_000435
-0308 | 2007_006373
-0336 | 2010_002546
-0392 | 2009_002238
-0399 | 2009_001854
-0414 | 2010_003854
-0419 | 2007_005600
-0426 | 2007_003503
-0452 | 2009_000457
-0485 | 2007_002426
-0493 | 2007_003367
-0495 | 2009_003065
-0533 | 2007_002719
-0551 | 2008_000666
-0554 | 2008_001308
-0617 | 2010_001036
-0624 | 2010_001734
-0631 | 2010_004314
-0634 | 2008_001283
-0647 | 2010_003293
-0703 | 2007_008596
-0727 | 2009_002651
-0756 | 2009_005078
-0767 | 2011_001161
-0767 | 2008_005338
-0776 | 2008_002929
-0892 | 2008_003379
-0928 | 2011_002592
-0934 | 2009_001804
-1007 | 2010_000666
-1027 | 2007_008802
-1122 | 2011_003085
-1139 | 2008_007392
-1197 | 2010_000929
-1199 | 2009_002317
-1270 | 2008_001231
-1302 | 2007_004033
-1316 | 2009_000219
-1389 | 2007_005354
-1392 | 2009_000149
-1489 | 2008_005197
-1579 | 2007_001586
-1583 | 2007_005759
-1752 | 2010_005284
-1811 | 2008_008629
-1906 | 2010_003409
-1944 | 2011_000888
-1965 | 2011_002124
-1978 | 2007_003022
-2026 | 2010_001206
-2125 | 2008_008469
-2136 | 2011_003114
-2192 | 2010_003597
-2355 | 2008_003461
-2435 | 2008_001028
-2480 | 2010_001313
-2534 | 2007_003611
-2541 | 2010_000083
-2617 | 2011_001060
-2643 | 2007_004121
-2694 | 2008_004399
-2723 | 2007_005509
-2725 | 2007_007341
-2737 | 2008_005245
-2849 | 2007_000727
-2997 | 2008_000811
-3102 | 2009_004801
-3130 | 2008_005089
-3209 | 2007_006866
-3241 | 2010_000682
-3278 | 2007_009841
-3314 | 2010_001151
-3437 | 2007_003711
-3458 | 2009_000730
-3472 | 2011_001613
-3494 | 2010_000084
-3571 | 2007_004538
-3653 | 2011_001529
-3700 | 2010_001768
-3768 | 2011_002675
-3876 | 2007_006841
-3928 | 2009_000074
-4035 | 2010_004337
-4060 | 2008_004687
-4243 | 2007_005331
-4304 | 2009_004221
-4319 | 2007_002643
-4476 | 2007_009068
-4500 | 2007_005107
-4574 | 2010_001908
-4575 | 2007_008256
-4597 | 2011_002532
-4610 | 2010_005013
-4615 | 2009_000825
-4692 | 2007_007815
-4738 | 2008_001076
-4755 | 2009_001215
-4852 | 2010_001951
-4956 | 2007_007849
-5006 | 2010_005245
-5015 | 2010_001246
-5131 | 2008_000510
-5227 | 2007_005114
-5579 | 2009_001768
-5696 | 2010_001966
-5742 | 2010_000679
-5941 | 2011_002730
-6151 | 2008_006554
-6185 | 2011_000248
-6307 | 2009_004072
-6415 | 2008_001013
-6452 | 2009_004125
-6488 | 2009_000455
-6578 | 2007_009251
-6586 | 2009_003003
-6595 | 2007_005281
-6624 | 2010_001024
-6715 | 2010_000573
-6730 | 2007_002823
-6756 | 2008_000725
-6813 | 2010_000238
-7029 | 2010_003239
-7220 | 2007_006802
-7254 | 2010_003381
-7256 | 2011_002244
-7519 | 2007_007414
-7654 | 2010_003746
-7724 | 2007_009084
-7979 | 2007_000629
-8076 | 2008_006216
-8441 | 2009_002382
-8818 | 2007_005547
-9319 | 2007_003621
-9455 | 2011_002327
-9791 | 2007_008374
-9888 | 2010_005606
-10477 | 2010_004951
-10484 | 2007_002387
-10512 | 2009_000421
-10744 | 2009_000727
-10772 | 2007_003373
-10922 | 2007_005296
-11317 | 2010_000087
-11335 | 2011_001530
-11546 | 2007_004112
-11673 | 2008_002495
-11948 | 2010_005166
-12175 | 2011_002515
-12283 | 2008_000474
-12288 | 2011_000780
-12462 | 2011_002247
-12503 | 2007_001594
-13663 | 2011_001714
-13675 | 2007_007498
-15280 | 2008_002241
-15317 | 2007_002539
-15760 | 2008_000662
-16319 | 2011_000178
-16343 | 2009_003323
-17484 | 2007_008964
-17563 | 2011_002509
-18114 | 2008_000254
-18182 | 2008_000763
-19109 | 2007_001175
-21407 | 2010_002682
-21453 | 2011_001416
-25688 | 2009_001687
-28426 | 2008_000731
-34470 | 2010_000110
-34560 | 2008_000469
-39026 | 2007_006028
-70354 | 2008_001895
potted-plant
45191 | 2008_008434
33346 | 2010_000330
27588 | 2010_004382
26342 | 2010_000639
22533 | 2010_004757
22216 | 2007_008547
21946 | 2008_002379
21906 | 2008_005242
19171 | 2010_001773
14172 | 2007_007624
13985 | 2010_005187
13898 | 2008_000391
11213 | 2009_000488
09198 | 2008_005217
06206 | 2010_003781
04793 | 2009_001775
03732 | 2009_001684
03662 | 2009_002584
03441 | 2008_001283
01616 | 2007_001430
00971 | 2009_001644
00798 | 2007_002284
00343 | 2007_005857
00245 | 2009_005038
00184 | 2010_005860
-0109 | 2009_003564
-0194 | 2008_006275
-0241 | 2011_000178
-0349 | 2010_000284
-0547 | 2011_001005
-0999 | 2010_003597
-1364 | 2010_002336
-1401 | 2007_009252
-1525 | 2007_002427
-1567 | 2008_001078
-1612 | 2011_002812
-1980 | 2010_002137
-2139 | 2010_005305
-2854 | 2007_001154
-3556 | 2008_003003
-3563 | 2009_002771
-3640 | 2007_002378
-3874 | 2009_002571
-4021 | 2007_008106
-4106 | 2009_002487
-4154 | 2007_004121
-4326 | 2008_001688
-4473 | 2007_004712
-4481 | 2007_004275
-4786 | 2007_000661
-4867 | 2007_007130
-5131 | 2007_001408
-5213 | 2007_007795
-5264 | 2007_004392
-5501 | 2007_009068
-5804 | 2009_002928
-5845 | 2009_000418
-5974 | 2008_003676
-6019 | 2011_001862
-8031 | 2010_003302
-8194 | 2011_001713
-8654 | 2011_003205
-9293 | 2008_003135
-10584 | 2008_001966
-10775 | 2007_003506
-11661 | 2011_001726
-14025 | 2010_001699
-15678 | 2010_001851
-17944 | 2007_009750
-18220 | 2010_004825
-18442 | 2010_001246
-18531 | 2011_000747
-19106 | 2009_003507
-20961 | 2011_001863
-22185 | 2008_004477
-22993 | 2011_002391
-23099 | 2008_005680
-24149 | 2007_004558
-25980 | 2007_003020
-27515 | 2007_005813
-27838 | 2011_003103
-30272 | 2008_002273
-31656 | 2007_003367
-34723 | 2007_009419
-62347 | 2010_003123
sheep
65278 | 2007_007534
56279 | 2008_004854
51074 | 2007_006678
38674 | 2007_000925
36818 | 2009_001768
34317 | 2007_000676
29387 | 2010_004226
27264 | 2008_007814
26916 | 2011_001350
26156 | 2009_003666
25989 | 2007_000175
25618 | 2008_006835
25068 | 2008_007677
23447 | 2010_005788
23078 | 2010_005719
22578 | 2009_000924
22242 | 2007_002648
21588 | 2010_001557
20565 | 2008_005633
18302 | 2010_001256
17856 | 2010_001522
16124 | 2009_001505
15871 | 2009_000675
14631 | 2010_002232
13371 | 2009_000039
12445 | 2010_003541
11975 | 2010_002106
10430 | 2010_001011
08787 | 2007_005915
08438 | 2008_002536
06707 | 2010_001079
05225 | 2009_002082
05180 | 2007_007165
03171 | 2007_003714
02563 | 2011_000436
01743 | 2010_005160
00997 | 2008_007497
00062 | 2007_004969
-0505 | 2009_005089
-0907 | 2007_001594
-1408 | 2011_001020
-3010 | 2007_006837
-3053 | 2009_004070
-3876 | 2008_004621
-4194 | 2007_005469
-4855 | 2007_009320
-4865 | 2007_005058
-4980 | 2007_001733
-5165 | 2010_000309
-6179 | 2008_004453
-6231 | 2008_006327
-8344 | 2010_006026
-9681 | 2007_002618
-10399 | 2011_002662
-21425 | 2009_001991
-22228 | 2010_001577
-81578 | 2011_002178
sofa
73920 | 2011_001005
57083 | 2011_000070
52101 | 2009_004298
45702 | 2009_000732
44210 | 2010_001962
33090 | 2009_003607
28990 | 2010_000284
28908 | 2009_004993
28265 | 2009_000242
27932 | 2007_009252
25075 | 2009_003123
24635 | 2008_008103
19695 | 2007_001458
18730 | 2011_000173
14992 | 2010_000256
14299 | 2008_003709
12022 | 2009_002571
11292 | 2009_000087
11080 | 2011_001713
10317 | 2007_001457
09641 | 2008_000149
09058 | 2008_000589
08872 | 2007_006373
08762 | 2009_002346
08364 | 2008_004172
06985 | 2010_001149
06692 | 2007_002427
06316 | 2007_001585
06094 | 2009_002390
05508 | 2009_000487
04431 | 2007_001154
03181 | 2008_006784
02954 | 2009_001731
02258 | 2007_000661
02026 | 2011_000310
01837 | 2009_000096
01210 | 2007_009521
01200 | 2007_006171
00908 | 2009_003895
-0618 | 2010_005180
-2786 | 2009_001644
-2939 | 2010_001767
-2983 | 2010_003014
-3248 | 2009_004687
-3423 | 2011_001567
-4451 | 2007_009068
-4660 | 2010_003597
-4882 | 2010_005606
-4914 | 2011_002644
-5726 | 2007_003011
-5791 | 2011_001862
-6159 | 2011_002879
-8105 | 2007_009684
-8699 | 2011_001794
-10037 | 2007_000804
-10265 | 2007_007996
-10717 | 2009_004140
-11199 | 2011_002124
-11420 | 2007_009592
-11463 | 2007_003169
-12074 | 2008_003733
-12318 | 2011_003103
-14875 | 2007_003530
-14876 | 2008_000270
-15442 | 2007_008543
-15586 | 2009_001775
-16376 | 2011_002391
-16731 | 2009_003564
-16804 | 2007_000452
-17076 | 2008_002929
-19406 | 2010_004783
-20489 | 2009_000418
-21890 | 2010_005991
-24608 | 2010_004757
-25133 | 2011_001674
-30940 | 2010_001327
-34434 | 2009_004099
-37151 | 2008_004562
-44529 | 2007_002268
-47024 | 2010_002137
-50034 | 2011_003256
-50999 | 2007_002426
-57381 | 2007_001763
-60167 | 2007_009655
-72064 | 2009_002732
-80846 | 2007_007417
-105739 | 2011_003182
-105929 | 2007_008260
-124973 | 2011_001601
-136866 | 2010_002531
train
71773 | 2007_003499
68766 | 2007_005626
59233 | 2007_007168
56638 | 2007_006680
54344 | 2011_003146
53280 | 2009_004255
53255 | 2009_001333
53231 | 2009_005220
51249 | 2008_004610
50346 | 2009_002291
49113 | 2009_002568
48017 | 2007_005689
46718 | 2007_004483
46147 | 2008_008221
45261 | 2009_003105
42934 | 2008_003105
42091 | 2008_000657
40708 | 2007_000123
39926 | 2011_001614
39645 | 2008_004367
39350 | 2009_003311
38019 | 2008_006553
37155 | 2008_006055
33339 | 2011_001281
33257 | 2009_002982
33147 | 2011_000521
30445 | 2007_003848
30332 | 2007_002565
29974 | 2007_000042
29762 | 2009_002638
28240 | 2009_002265
26948 | 2009_002202
26911 | 2007_000636
26152 | 2007_007881
25745 | 2007_003957
23317 | 2007_004649
23001 | 2009_003433
22809 | 2009_000712
22244 | 2008_006752
20075 | 2010_003514
17600 | 2007_004281
16035 | 2010_001951
15760 | 2009_003299
14986 | 2010_005727
12485 | 2008_004212
11489 | 2010_004980
11486 | 2007_008339
10610 | 2010_003956
09268 | 2009_001300
09135 | 2010_001151
08432 | 2011_000283
08011 | 2007_003587
07280 | 2009_000845
06494 | 2011_002535
06093 | 2009_004730
05396 | 2009_003938
04694 | 2009_000628
04240 | 2011_000291
03863 | 2010_001104
03360 | 2007_002728
01088 | 2010_001734
00583 | 2010_005706
-0155 | 2007_007195
-0876 | 2010_006054
-0896 | 2009_005148
-1697 | 2007_006802
-3017 | 2009_004799
-3810 | 2009_000022
-4013 | 2011_001082
-4852 | 2008_002900
-8331 | 2011_003197
-8621 | 2007_000629
-13033 | 2011_002379
-13728 | 2010_002682
-23910 | 2009_002887
-24584 | 2008_005544
-28243 | 2011_001060
-33096 | 2010_003708
-33273 | 2008_006523
-35439 | 2010_005871
-45075 | 2011_002247
-51357 | 2010_004149
-67801 | 2010_000764
-159710 | 2010_004951
tv/monitor
63346 | 2007_007196
57766 | 2008_002464
55241 | 2008_005254
53550 | 2009_002562
50321 | 2008_003885
47590 | 2009_003523
43829 | 2008_005439
42233 | 2008_000016
30356 | 2011_002532
30306 | 2007_009446
25771 | 2007_004190
25569 | 2008_002680
19306 | 2010_001752
15064 | 2007_000559
14247 | 2007_000187
13724 | 2010_004479
12107 | 2010_002921
11771 | 2008_004754
11253 | 2007_007203
08959 | 2009_004993
06970 | 2009_002366
06665 | 2011_001910
04991 | 2007_001430
04826 | 2009_000136
03348 | 2009_002573
03233 | 2008_004279
02418 | 2010_000318
02376 | 2007_004510
01907 | 2007_003011
01405 | 2007_009521
01102 | 2008_005089
01046 | 2011_002156
00296 | 2007_008374
-0190 | 2007_008897
-0246 | 2009_001644
-0525 | 2007_001175
-0758 | 2010_004857
-0923 | 2009_003387
-1512 | 2011_002509
-1706 | 2007_001763
-1710 | 2010_001367
-1786 | 2009_000704
-1951 | 2008_007527
-1951 | 2007_002119
-1974 | 2010_000738
-1978 | 2008_005445
-2338 | 2009_000488
-2421 | 2008_006159
-3177 | 2010_005180
-3674 | 2009_000391
-4032 | 2009_003895
-4185 | 2011_000607
-4274 | 2008_001688
-4322 | 2007_006348
-4454 | 2007_001678
-5730 | 2011_002879
-5823 | 2008_004910
-7736 | 2011_002644
-7771 | 2008_007828
-8076 | 2007_002132
-10077 | 2007_004193
-13332 | 2007_007996
-13656 | 2009_001363
-14709 | 2009_002094
-16335 | 2007_007849
-18895 | 2011_001726
-19655 | 2007_008204
-19833 | 2007_001717
-19906 | 2009_003857
-20085 | 2007_007130
-21023 | 2010_005305
-27011 | 2008_003003
-45579 | 2008_003026
-65582 | 2009_003551
